[10/01/24 00:24:19] crowsnest: crowsnest - A webcam Service for multiple Cams and Stream Services.
[10/01/24 00:24:19] crowsnest: Version: v4.1.9-1-gd75a3ae
[10/01/24 00:24:19] crowsnest: Prepare Startup ...
[10/01/24 00:24:20] crowsnest: INFO: Host information:
[10/01/24 00:24:20] crowsnest: Host Info: Distribution: Raspbian GNU/Linux 11 (bullseye)
[10/01/24 00:24:20] crowsnest: Host Info: Release: MainsailOS release 1.2.1 (bullseye)
[10/01/24 00:24:20] crowsnest: Host Info: Kernel: Linux 6.1.21-v8+ aarch64
[10/01/24 00:24:20] crowsnest: Host Info: Model:  Raspberry Pi 4 Model B Rev 1.2
[10/01/24 00:24:20] crowsnest: Host Info: Available CPU Cores: 4
[10/01/24 00:24:20] crowsnest: Host Info: Available Memory: 3705528 kB
[10/01/24 00:24:20] crowsnest: Host Info: Diskspace (avail. / total): 50G / 59G
[10/01/24 00:24:20] crowsnest: INFO: Checking Dependencies
[10/01/24 00:24:20] crowsnest: Dependency: 'crudini' found in /usr/bin/crudini.
[10/01/24 00:24:20] crowsnest: Dependency: 'find' found in /usr/bin/find.
[10/01/24 00:24:20] crowsnest: Dependency: 'xargs' found in /usr/bin/xargs.
[10/01/24 00:24:20] crowsnest: Dependency: 'ustreamer' found in bin/ustreamer/src/ustreamer.bin.
[10/01/24 00:24:20] crowsnest: Dependency: 'camera-streamer' found in bin/camera-streamer/camera-streamer.
[10/01/24 00:24:20] crowsnest: Version Control: ustreamer is up to date. (v5.38)
[10/01/24 00:24:20] crowsnest: Version Control: camera-streamer new version available: (f0634f9) ().
[10/01/24 00:24:20] crowsnest: INFO: Print Configfile: '/home/pi/printer_data/config/crowsnest.conf'
[10/01/24 00:24:20] crowsnest:		[crowsnest]
[10/01/24 00:24:20] crowsnest:		log_path: /home/pi/printer_data/logs/crowsnest.log
[10/01/24 00:24:20] crowsnest:		log_level: verbose
[10/01/24 00:24:20] crowsnest:		delete_log: false
[10/01/24 00:24:20] crowsnest:		no_proxy: false
[10/01/24 00:24:20] crowsnest:		
[10/01/24 00:24:20] crowsnest:		[cam 1]
[10/01/24 00:24:20] crowsnest:		mode: ustreamer
[10/01/24 00:24:20] crowsnest:		
[10/01/24 00:24:20] crowsnest:		enable_rtsp: false
[10/01/24 00:24:20] crowsnest:		rtsp_port: 8554
[10/01/24 00:24:20] crowsnest:		port: 8080
[10/01/24 00:24:20] crowsnest:		device: /dev/video0
[10/01/24 00:24:20] crowsnest:		resolution: 640x480
[10/01/24 00:24:20] crowsnest:		max_fps: 15
[10/01/24 00:24:20] crowsnest:		
[10/01/24 00:24:20] crowsnest:		[cam 2]
[10/01/24 00:24:20] crowsnest:		mode: camera-streamer
[10/01/24 00:24:20] crowsnest:		
[10/01/24 00:24:20] crowsnest:		enable_rtsp: false
[10/01/24 00:24:20] crowsnest:		rtsp_port: 8554
[10/01/24 00:24:20] crowsnest:		port: 8080
[10/01/24 00:24:20] crowsnest:		device: /dev/video0
[10/01/24 00:24:20] crowsnest:		resolution: 640x480
[10/01/24 00:24:20] crowsnest:		max_fps: 15
[10/01/24 00:24:20] crowsnest: INFO: Detect available Devices
[10/01/24 00:24:21] crowsnest: INFO: Found 1 total available Device(s)
[10/01/24 00:24:21] crowsnest: INFO: Found 1 available v4l2 (UVC) camera(s)
[10/01/24 00:24:21] crowsnest: /dev/v4l/by-id/usb-046d_C270_HD_WEBCAM_200901010001-video-index0 -> /dev/video0
[10/01/24 00:24:21] crowsnest: Supported Formats:
[10/01/24 00:24:21] crowsnest:		[0]: 'YUYV' (YUYV 4:2:2)
[10/01/24 00:24:21] crowsnest:		Size: Discrete 640x480
[10/01/24 00:24:21] crowsnest:		Interval: Discrete 0.033s (30.000 fps)
[10/01/24 00:24:21] crowsnest:		Interval: Discrete 0.040s (25.000 fps)
[10/01/24 00:24:21] crowsnest:		Interval: Discrete 0.050s (20.000 fps)
[10/01/24 00:24:21] crowsnest:		Interval: Discrete 0.067s (15.000 fps)
[10/01/24 00:24:21] crowsnest:		Interval: Discrete 0.100s (10.000 fps)
[10/01/24 00:24:21] crowsnest:		Interval: Discrete 0.200s (5.000 fps)
[10/01/24 00:24:21] crowsnest:		Size: Discrete 160x120
[10/01/24 00:24:21] crowsnest:		Interval: Discrete 0.033s (30.000 fps)
[10/01/24 00:24:21] crowsnest:		Interval: Discrete 0.040s (25.000 fps)
[10/01/24 00:24:21] crowsnest:		Interval: Discrete 0.050s (20.000 fps)
[10/01/24 00:24:21] crowsnest:		Interval: Discrete 0.067s (15.000 fps)
[10/01/24 00:24:21] crowsnest:		Interval: Discrete 0.100s (10.000 fps)
[10/01/24 00:24:21] crowsnest:		Interval: Discrete 0.200s (5.000 fps)
[10/01/24 00:24:21] crowsnest:		Size: Discrete 176x144
[10/01/24 00:24:21] crowsnest:		Interval: Discrete 0.033s (30.000 fps)
[10/01/24 00:24:21] crowsnest:		Interval: Discrete 0.040s (25.000 fps)
[10/01/24 00:24:21] crowsnest:		Interval: Discrete 0.050s (20.000 fps)
[10/01/24 00:24:21] crowsnest:		Interval: Discrete 0.067s (15.000 fps)
[10/01/24 00:24:21] crowsnest:		Interval: Discrete 0.100s (10.000 fps)
[10/01/24 00:24:21] crowsnest:		Interval: Discrete 0.200s (5.000 fps)
[10/01/24 00:24:21] crowsnest:		Size: Discrete 320x176
[10/01/24 00:24:21] crowsnest:		Interval: Discrete 0.033s (30.000 fps)
[10/01/24 00:24:21] crowsnest:		Interval: Discrete 0.040s (25.000 fps)
[10/01/24 00:24:21] crowsnest:		Interval: Discrete 0.050s (20.000 fps)
[10/01/24 00:24:21] crowsnest:		Interval: Discrete 0.067s (15.000 fps)
[10/01/24 00:24:21] crowsnest:		Interval: Discrete 0.100s (10.000 fps)
[10/01/24 00:24:21] crowsnest:		Interval: Discrete 0.200s (5.000 fps)
[10/01/24 00:24:21] crowsnest:		Size: Discrete 320x240
[10/01/24 00:24:21] crowsnest:		Interval: Discrete 0.033s (30.000 fps)
[10/01/24 00:24:21] crowsnest:		Interval: Discrete 0.040s (25.000 fps)
[10/01/24 00:24:21] crowsnest:		Interval: Discrete 0.050s (20.000 fps)
[10/01/24 00:24:21] crowsnest:		Interval: Discrete 0.067s (15.000 fps)
[10/01/24 00:24:21] crowsnest:		Interval: Discrete 0.100s (10.000 fps)
[10/01/24 00:24:21] crowsnest:		Interval: Discrete 0.200s (5.000 fps)
[10/01/24 00:24:21] crowsnest:		Size: Discrete 352x288
[10/01/24 00:24:21] crowsnest:		Interval: Discrete 0.033s (30.000 fps)
[10/01/24 00:24:21] crowsnest:		Interval: Discrete 0.040s (25.000 fps)
[10/01/24 00:24:21] crowsnest:		Interval: Discrete 0.050s (20.000 fps)
[10/01/24 00:24:21] crowsnest:		Interval: Discrete 0.067s (15.000 fps)
[10/01/24 00:24:21] crowsnest:		Interval: Discrete 0.100s (10.000 fps)
[10/01/24 00:24:21] crowsnest:		Interval: Discrete 0.200s (5.000 fps)
[10/01/24 00:24:21] crowsnest:		Size: Discrete 432x240
[10/01/24 00:24:21] crowsnest:		Interval: Discrete 0.033s (30.000 fps)
[10/01/24 00:24:21] crowsnest:		Interval: Discrete 0.040s (25.000 fps)
[10/01/24 00:24:21] crowsnest:		Interval: Discrete 0.050s (20.000 fps)
[10/01/24 00:24:21] crowsnest:		Interval: Discrete 0.067s (15.000 fps)
[10/01/24 00:24:21] crowsnest:		Interval: Discrete 0.100s (10.000 fps)
[10/01/24 00:24:21] crowsnest:		Interval: Discrete 0.200s (5.000 fps)
[10/01/24 00:24:21] crowsnest:		Size: Discrete 544x288
[10/01/24 00:24:21] crowsnest:		Interval: Discrete 0.033s (30.000 fps)
[10/01/24 00:24:21] crowsnest:		Interval: Discrete 0.040s (25.000 fps)
[10/01/24 00:24:21] crowsnest:		Interval: Discrete 0.050s (20.000 fps)
[10/01/24 00:24:21] crowsnest:		Interval: Discrete 0.067s (15.000 fps)
[10/01/24 00:24:21] crowsnest:		Interval: Discrete 0.100s (10.000 fps)
[10/01/24 00:24:21] crowsnest:		Interval: Discrete 0.200s (5.000 fps)
[10/01/24 00:24:21] crowsnest:		Size: Discrete 640x360
[10/01/24 00:24:21] crowsnest:		Interval: Discrete 0.033s (30.000 fps)
[10/01/24 00:24:21] crowsnest:		Interval: Discrete 0.040s (25.000 fps)
[10/01/24 00:24:21] crowsnest:		Interval: Discrete 0.050s (20.000 fps)
[10/01/24 00:24:21] crowsnest:		Interval: Discrete 0.067s (15.000 fps)
[10/01/24 00:24:21] crowsnest:		Interval: Discrete 0.100s (10.000 fps)
[10/01/24 00:24:21] crowsnest:		Interval: Discrete 0.200s (5.000 fps)
[10/01/24 00:24:21] crowsnest:		Size: Discrete 752x416
[10/01/24 00:24:21] crowsnest:		Interval: Discrete 0.040s (25.000 fps)
[10/01/24 00:24:21] crowsnest:		Interval: Discrete 0.050s (20.000 fps)
[10/01/24 00:24:21] crowsnest:		Interval: Discrete 0.067s (15.000 fps)
[10/01/24 00:24:21] crowsnest:		Interval: Discrete 0.100s (10.000 fps)
[10/01/24 00:24:21] crowsnest:		Interval: Discrete 0.200s (5.000 fps)
[10/01/24 00:24:21] crowsnest:		Size: Discrete 800x448
[10/01/24 00:24:21] crowsnest:		Interval: Discrete 0.050s (20.000 fps)
[10/01/24 00:24:21] crowsnest:		Interval: Discrete 0.067s (15.000 fps)
[10/01/24 00:24:21] crowsnest:		Interval: Discrete 0.100s (10.000 fps)
[10/01/24 00:24:21] crowsnest:		Interval: Discrete 0.200s (5.000 fps)
[10/01/24 00:24:21] crowsnest:		Size: Discrete 800x600
[10/01/24 00:24:21] crowsnest:		Interval: Discrete 0.050s (20.000 fps)
[10/01/24 00:24:21] crowsnest:		Interval: Discrete 0.067s (15.000 fps)
[10/01/24 00:24:21] crowsnest:		Interval: Discrete 0.100s (10.000 fps)
[10/01/24 00:24:21] crowsnest:		Interval: Discrete 0.200s (5.000 fps)
[10/01/24 00:24:21] crowsnest:		Size: Discrete 864x480
[10/01/24 00:24:21] crowsnest:		Interval: Discrete 0.050s (20.000 fps)
[10/01/24 00:24:21] crowsnest:		Interval: Discrete 0.067s (15.000 fps)
[10/01/24 00:24:21] crowsnest:		Interval: Discrete 0.100s (10.000 fps)
[10/01/24 00:24:21] crowsnest:		Interval: Discrete 0.200s (5.000 fps)
[10/01/24 00:24:21] crowsnest:		Size: Discrete 960x544
[10/01/24 00:24:21] crowsnest:		Interval: Discrete 0.067s (15.000 fps)
[10/01/24 00:24:21] crowsnest:		Interval: Discrete 0.100s (10.000 fps)
[10/01/24 00:24:21] crowsnest:		Interval: Discrete 0.200s (5.000 fps)
[10/01/24 00:24:21] crowsnest:		Size: Discrete 960x720
[10/01/24 00:24:21] crowsnest:		Interval: Discrete 0.100s (10.000 fps)
[10/01/24 00:24:21] crowsnest:		Interval: Discrete 0.200s (5.000 fps)
[10/01/24 00:24:21] crowsnest:		Size: Discrete 1024x576
[10/01/24 00:24:21] crowsnest:		Interval: Discrete 0.100s (10.000 fps)
[10/01/24 00:24:21] crowsnest:		Interval: Discrete 0.200s (5.000 fps)
[10/01/24 00:24:21] crowsnest:		Size: Discrete 1184x656
[10/01/24 00:24:21] crowsnest:		Interval: Discrete 0.100s (10.000 fps)
[10/01/24 00:24:21] crowsnest:		Interval: Discrete 0.200s (5.000 fps)
[10/01/24 00:24:21] crowsnest:		Size: Discrete 1280x720
[10/01/24 00:24:21] crowsnest:		Interval: Discrete 0.133s (7.500 fps)
[10/01/24 00:24:21] crowsnest:		Interval: Discrete 0.200s (5.000 fps)
[10/01/24 00:24:21] crowsnest:		Size: Discrete 1280x960
[10/01/24 00:24:21] crowsnest:		Interval: Discrete 0.133s (7.500 fps)
[10/01/24 00:24:21] crowsnest:		Interval: Discrete 0.200s (5.000 fps)
[10/01/24 00:24:21] crowsnest:		[1]: 'MJPG' (Motion-JPEG, compressed)
[10/01/24 00:24:21] crowsnest:		Size: Discrete 640x480
[10/01/24 00:24:21] crowsnest:		Interval: Discrete 0.033s (30.000 fps)
[10/01/24 00:24:21] crowsnest:		Interval: Discrete 0.040s (25.000 fps)
[10/01/24 00:24:21] crowsnest:		Interval: Discrete 0.050s (20.000 fps)
[10/01/24 00:24:21] crowsnest:		Interval: Discrete 0.067s (15.000 fps)
[10/01/24 00:24:21] crowsnest:		Interval: Discrete 0.100s (10.000 fps)
[10/01/24 00:24:21] crowsnest:		Interval: Discrete 0.200s (5.000 fps)
[10/01/24 00:24:21] crowsnest:		Size: Discrete 160x120
[10/01/24 00:24:21] crowsnest:		Interval: Discrete 0.033s (30.000 fps)
[10/01/24 00:24:21] crowsnest:		Interval: Discrete 0.040s (25.000 fps)
[10/01/24 00:24:21] crowsnest:		Interval: Discrete 0.050s (20.000 fps)
[10/01/24 00:24:21] crowsnest:		Interval: Discrete 0.067s (15.000 fps)
[10/01/24 00:24:21] crowsnest:		Interval: Discrete 0.100s (10.000 fps)
[10/01/24 00:24:21] crowsnest:		Interval: Discrete 0.200s (5.000 fps)
[10/01/24 00:24:21] crowsnest:		Size: Discrete 176x144
[10/01/24 00:24:21] crowsnest:		Interval: Discrete 0.033s (30.000 fps)
[10/01/24 00:24:21] crowsnest:		Interval: Discrete 0.040s (25.000 fps)
[10/01/24 00:24:21] crowsnest:		Interval: Discrete 0.050s (20.000 fps)
[10/01/24 00:24:21] crowsnest:		Interval: Discrete 0.067s (15.000 fps)
[10/01/24 00:24:21] crowsnest:		Interval: Discrete 0.100s (10.000 fps)
[10/01/24 00:24:21] crowsnest:		Interval: Discrete 0.200s (5.000 fps)
[10/01/24 00:24:21] crowsnest:		Size: Discrete 320x176
[10/01/24 00:24:21] crowsnest:		Interval: Discrete 0.033s (30.000 fps)
[10/01/24 00:24:21] crowsnest:		Interval: Discrete 0.040s (25.000 fps)
[10/01/24 00:24:21] crowsnest:		Interval: Discrete 0.050s (20.000 fps)
[10/01/24 00:24:21] crowsnest:		Interval: Discrete 0.067s (15.000 fps)
[10/01/24 00:24:21] crowsnest:		Interval: Discrete 0.100s (10.000 fps)
[10/01/24 00:24:21] crowsnest:		Interval: Discrete 0.200s (5.000 fps)
[10/01/24 00:24:21] crowsnest:		Size: Discrete 320x240
[10/01/24 00:24:21] crowsnest:		Interval: Discrete 0.033s (30.000 fps)
[10/01/24 00:24:21] crowsnest:		Interval: Discrete 0.040s (25.000 fps)
[10/01/24 00:24:21] crowsnest:		Interval: Discrete 0.050s (20.000 fps)
[10/01/24 00:24:21] crowsnest:		Interval: Discrete 0.067s (15.000 fps)
[10/01/24 00:24:21] crowsnest:		Interval: Discrete 0.100s (10.000 fps)
[10/01/24 00:24:21] crowsnest:		Interval: Discrete 0.200s (5.000 fps)
[10/01/24 00:24:21] crowsnest:		Size: Discrete 352x288
[10/01/24 00:24:21] crowsnest:		Interval: Discrete 0.033s (30.000 fps)
[10/01/24 00:24:21] crowsnest:		Interval: Discrete 0.040s (25.000 fps)
[10/01/24 00:24:21] crowsnest:		Interval: Discrete 0.050s (20.000 fps)
[10/01/24 00:24:21] crowsnest:		Interval: Discrete 0.067s (15.000 fps)
[10/01/24 00:24:21] crowsnest:		Interval: Discrete 0.100s (10.000 fps)
[10/01/24 00:24:21] crowsnest:		Interval: Discrete 0.200s (5.000 fps)
[10/01/24 00:24:21] crowsnest:		Size: Discrete 432x240
[10/01/24 00:24:21] crowsnest:		Interval: Discrete 0.033s (30.000 fps)
[10/01/24 00:24:21] crowsnest:		Interval: Discrete 0.040s (25.000 fps)
[10/01/24 00:24:21] crowsnest:		Interval: Discrete 0.050s (20.000 fps)
[10/01/24 00:24:21] crowsnest:		Interval: Discrete 0.067s (15.000 fps)
[10/01/24 00:24:21] crowsnest:		Interval: Discrete 0.100s (10.000 fps)
[10/01/24 00:24:21] crowsnest:		Interval: Discrete 0.200s (5.000 fps)
[10/01/24 00:24:21] crowsnest:		Size: Discrete 544x288
[10/01/24 00:24:21] crowsnest:		Interval: Discrete 0.033s (30.000 fps)
[10/01/24 00:24:21] crowsnest:		Interval: Discrete 0.040s (25.000 fps)
[10/01/24 00:24:21] crowsnest:		Interval: Discrete 0.050s (20.000 fps)
[10/01/24 00:24:21] crowsnest:		Interval: Discrete 0.067s (15.000 fps)
[10/01/24 00:24:21] crowsnest:		Interval: Discrete 0.100s (10.000 fps)
[10/01/24 00:24:21] crowsnest:		Interval: Discrete 0.200s (5.000 fps)
[10/01/24 00:24:21] crowsnest:		Size: Discrete 640x360
[10/01/24 00:24:21] crowsnest:		Interval: Discrete 0.033s (30.000 fps)
[10/01/24 00:24:21] crowsnest:		Interval: Discrete 0.040s (25.000 fps)
[10/01/24 00:24:21] crowsnest:		Interval: Discrete 0.050s (20.000 fps)
[10/01/24 00:24:21] crowsnest:		Interval: Discrete 0.067s (15.000 fps)
[10/01/24 00:24:21] crowsnest:		Interval: Discrete 0.100s (10.000 fps)
[10/01/24 00:24:21] crowsnest:		Interval: Discrete 0.200s (5.000 fps)
[10/01/24 00:24:21] crowsnest:		Size: Discrete 752x416
[10/01/24 00:24:21] crowsnest:		Interval: Discrete 0.033s (30.000 fps)
[10/01/24 00:24:21] crowsnest:		Interval: Discrete 0.040s (25.000 fps)
[10/01/24 00:24:21] crowsnest:		Interval: Discrete 0.050s (20.000 fps)
[10/01/24 00:24:21] crowsnest:		Interval: Discrete 0.067s (15.000 fps)
[10/01/24 00:24:21] crowsnest:		Interval: Discrete 0.100s (10.000 fps)
[10/01/24 00:24:21] crowsnest:		Interval: Discrete 0.200s (5.000 fps)
[10/01/24 00:24:21] crowsnest:		Size: Discrete 800x448
[10/01/24 00:24:21] crowsnest:		Interval: Discrete 0.033s (30.000 fps)
[10/01/24 00:24:21] crowsnest:		Interval: Discrete 0.040s (25.000 fps)
[10/01/24 00:24:21] crowsnest:		Interval: Discrete 0.050s (20.000 fps)
[10/01/24 00:24:21] crowsnest:		Interval: Discrete 0.067s (15.000 fps)
[10/01/24 00:24:21] crowsnest:		Interval: Discrete 0.100s (10.000 fps)
[10/01/24 00:24:21] crowsnest:		Interval: Discrete 0.200s (5.000 fps)
[10/01/24 00:24:21] crowsnest:		Size: Discrete 800x600
[10/01/24 00:24:21] crowsnest:		Interval: Discrete 0.033s (30.000 fps)
[10/01/24 00:24:21] crowsnest:		Interval: Discrete 0.040s (25.000 fps)
[10/01/24 00:24:21] crowsnest:		Interval: Discrete 0.050s (20.000 fps)
[10/01/24 00:24:21] crowsnest:		Interval: Discrete 0.067s (15.000 fps)
[10/01/24 00:24:21] crowsnest:		Interval: Discrete 0.100s (10.000 fps)
[10/01/24 00:24:21] crowsnest:		Interval: Discrete 0.200s (5.000 fps)
[10/01/24 00:24:21] crowsnest:		Size: Discrete 864x480
[10/01/24 00:24:21] crowsnest:		Interval: Discrete 0.033s (30.000 fps)
[10/01/24 00:24:21] crowsnest:		Interval: Discrete 0.040s (25.000 fps)
[10/01/24 00:24:21] crowsnest:		Interval: Discrete 0.050s (20.000 fps)
[10/01/24 00:24:21] crowsnest:		Interval: Discrete 0.067s (15.000 fps)
[10/01/24 00:24:21] crowsnest:		Interval: Discrete 0.100s (10.000 fps)
[10/01/24 00:24:21] crowsnest:		Interval: Discrete 0.200s (5.000 fps)
[10/01/24 00:24:21] crowsnest:		Size: Discrete 960x544
[10/01/24 00:24:21] crowsnest:		Interval: Discrete 0.033s (30.000 fps)
[10/01/24 00:24:21] crowsnest:		Interval: Discrete 0.040s (25.000 fps)
[10/01/24 00:24:21] crowsnest:		Interval: Discrete 0.050s (20.000 fps)
[10/01/24 00:24:21] crowsnest:		Interval: Discrete 0.067s (15.000 fps)
[10/01/24 00:24:21] crowsnest:		Interval: Discrete 0.100s (10.000 fps)
[10/01/24 00:24:21] crowsnest:		Interval: Discrete 0.200s (5.000 fps)
[10/01/24 00:24:21] crowsnest:		Size: Discrete 960x720
[10/01/24 00:24:21] crowsnest:		Interval: Discrete 0.033s (30.000 fps)
[10/01/24 00:24:21] crowsnest:		Interval: Discrete 0.040s (25.000 fps)
[10/01/24 00:24:21] crowsnest:		Interval: Discrete 0.050s (20.000 fps)
[10/01/24 00:24:21] crowsnest:		Interval: Discrete 0.067s (15.000 fps)
[10/01/24 00:24:21] crowsnest:		Interval: Discrete 0.100s (10.000 fps)
[10/01/24 00:24:21] crowsnest:		Interval: Discrete 0.200s (5.000 fps)
[10/01/24 00:24:21] crowsnest:		Size: Discrete 1024x576
[10/01/24 00:24:21] crowsnest:		Interval: Discrete 0.033s (30.000 fps)
[10/01/24 00:24:21] crowsnest:		Interval: Discrete 0.040s (25.000 fps)
[10/01/24 00:24:21] crowsnest:		Interval: Discrete 0.050s (20.000 fps)
[10/01/24 00:24:21] crowsnest:		Interval: Discrete 0.067s (15.000 fps)
[10/01/24 00:24:21] crowsnest:		Interval: Discrete 0.100s (10.000 fps)
[10/01/24 00:24:21] crowsnest:		Interval: Discrete 0.200s (5.000 fps)
[10/01/24 00:24:21] crowsnest:		Size: Discrete 1184x656
[10/01/24 00:24:21] crowsnest:		Interval: Discrete 0.033s (30.000 fps)
[10/01/24 00:24:21] crowsnest:		Interval: Discrete 0.040s (25.000 fps)
[10/01/24 00:24:21] crowsnest:		Interval: Discrete 0.050s (20.000 fps)
[10/01/24 00:24:21] crowsnest:		Interval: Discrete 0.067s (15.000 fps)
[10/01/24 00:24:21] crowsnest:		Interval: Discrete 0.100s (10.000 fps)
[10/01/24 00:24:21] crowsnest:		Interval: Discrete 0.200s (5.000 fps)
[10/01/24 00:24:21] crowsnest:		Size: Discrete 1280x720
[10/01/24 00:24:21] crowsnest:		Interval: Discrete 0.033s (30.000 fps)
[10/01/24 00:24:21] crowsnest:		Interval: Discrete 0.040s (25.000 fps)
[10/01/24 00:24:21] crowsnest:		Interval: Discrete 0.050s (20.000 fps)
[10/01/24 00:24:21] crowsnest:		Interval: Discrete 0.067s (15.000 fps)
[10/01/24 00:24:21] crowsnest:		Interval: Discrete 0.100s (10.000 fps)
[10/01/24 00:24:21] crowsnest:		Interval: Discrete 0.200s (5.000 fps)
[10/01/24 00:24:21] crowsnest:		Size: Discrete 1280x960
[10/01/24 00:24:21] crowsnest:		Interval: Discrete 0.033s (30.000 fps)
[10/01/24 00:24:21] crowsnest:		Interval: Discrete 0.040s (25.000 fps)
[10/01/24 00:24:21] crowsnest:		Interval: Discrete 0.050s (20.000 fps)
[10/01/24 00:24:21] crowsnest:		Interval: Discrete 0.067s (15.000 fps)
[10/01/24 00:24:21] crowsnest:		Interval: Discrete 0.100s (10.000 fps)
[10/01/24 00:24:21] crowsnest:		Interval: Discrete 0.200s (5.000 fps)
[10/01/24 00:24:21] crowsnest: Supported Controls:
[10/01/24 00:24:21] crowsnest:		
[10/01/24 00:24:21] crowsnest:		User Controls
[10/01/24 00:24:21] crowsnest:		
[10/01/24 00:24:21] crowsnest:		brightness 0x00980900 (int)    : min=0 max=255 step=1 default=128 value=128
[10/01/24 00:24:21] crowsnest:		contrast 0x00980901 (int)    : min=0 max=255 step=1 default=32 value=32
[10/01/24 00:24:21] crowsnest:		saturation 0x00980902 (int)    : min=0 max=255 step=1 default=32 value=32
[10/01/24 00:24:21] crowsnest:		white_balance_automatic 0x0098090c (bool)   : default=1 value=1
[10/01/24 00:24:21] crowsnest:		gain 0x00980913 (int)    : min=0 max=255 step=1 default=0 value=8
[10/01/24 00:24:21] crowsnest:		power_line_frequency 0x00980918 (menu)   : min=0 max=2 default=2 value=2
[10/01/24 00:24:21] crowsnest:		0: Disabled
[10/01/24 00:24:21] crowsnest:		1: 50 Hz
[10/01/24 00:24:21] crowsnest:		2: 60 Hz
[10/01/24 00:24:21] crowsnest:		white_balance_temperature 0x0098091a (int)    : min=0 max=10000 step=10 default=4000 value=0 flags=inactive
[10/01/24 00:24:21] crowsnest:		sharpness 0x0098091b (int)    : min=0 max=255 step=1 default=24 value=24
[10/01/24 00:24:21] crowsnest:		backlight_compensation 0x0098091c (int)    : min=0 max=1 step=1 default=1 value=1
[10/01/24 00:24:21] crowsnest:		
[10/01/24 00:24:21] crowsnest:		Camera Controls
[10/01/24 00:24:21] crowsnest:		
[10/01/24 00:24:21] crowsnest:		auto_exposure 0x009a0901 (menu)   : min=0 max=3 default=3 value=3
[10/01/24 00:24:21] crowsnest:		1: Manual Mode
[10/01/24 00:24:21] crowsnest:		3: Aperture Priority Mode
[10/01/24 00:24:21] crowsnest:		exposure_time_absolute 0x009a0902 (int)    : min=1 max=10000 step=1 default=156 value=156 flags=inactive
[10/01/24 00:24:21] crowsnest:		exposure_dynamic_framerate 0x009a0903 (bool)   : default=0 value=1
[10/01/24 00:24:21] crowsnest: Try to start configured Cams / Services...
[10/01/24 00:24:23] crowsnest: INFO: Configuration of Section [cam 1] looks good. Continue ...
[10/01/24 00:24:24] crowsnest: INFO: Configuration of Section [cam 2] looks good. Continue ...
[10/01/24 00:24:25] crowsnest: V4L2 Control: No parameters set for [cam 1]. Skipped.
[10/01/24 00:24:25] crowsnest: V4L2 Control: No parameters set for [cam 2]. Skipped.
[10/01/24 00:24:27] crowsnest: Starting camera-streamer with Device /dev/video0 ...
[10/01/24 00:24:27] crowsnest: ERROR: Start of camera-streamer [cam 2] failed!
[10/01/24 00:24:27] crowsnest: Starting ustreamer with Device /dev/video0 ...
[10/01/24 00:24:29] crowsnest:  ... Done!
